<?xml version="1.0" encoding="UTF-8"?>
<!-- Generated by org.testng.reporters.JUnitReportReporter -->
<testsuite hostname="Hari" failures="0" tests="2" name="com.TestEngine.DataProvider" time="0.015" errors="0" timestamp="2024-05-07T15:38:54 IST" skipped="0">
  <testcase classname="com.TestEngine.DataProvider" name="Credinitials" time="0.010"/>
  <testcase classname="com.TestEngine.DataProvider" name="Credinitials" time="0.005"/>
</testsuite> <!-- com.TestEngine.DataProvider -->
