<?xml version="1.0" encoding="UTF-8"?>
<!-- Generated by org.testng.reporters.JUnitReportReporter -->
<testsuite hostname="Hari" failures="0" tests="4" name="com.TestEngine.GroupingTest" time="0.015" errors="0" timestamp="2024-05-03T13:32:20 IST" skipped="0">
  <testcase classname="com.TestEngine.GroupingTest" name="Nikhila" time="0.002"/>
  <testcase classname="com.TestEngine.GroupingTest" name="Sam" time="0.002"/>
  <testcase classname="com.TestEngine.GroupingTest" name="Suriya" time="0.002"/>
  <testcase classname="com.TestEngine.GroupingTest" name="Kamal" time="0.009"/>
</testsuite> <!-- com.TestEngine.GroupingTest -->
