<?xml version="1.0" encoding="UTF-8"?>
<!-- Generated by org.testng.reporters.JUnitReportReporter -->
<testsuite hostname="Hari" failures="0" tests="1" name="com.Task1.Flipkart" time="7.691" errors="0" timestamp="2024-05-08T07:31:38 IST" skipped="0">
  <testcase classname="com.Task1.Flipkart" name="Electronics" time="7.691"/>
</testsuite> <!-- com.Task1.Flipkart -->
