<?xml version="1.0" encoding="UTF-8"?>
<!-- Generated by org.testng.reporters.JUnitReportReporter -->
<testsuite hostname="Hari" failures="0" tests="4" name="com.TestEngine.SimpleAnnotation" time="16.839" errors="0" timestamp="2024-05-11T11:51:23 IST" skipped="0">
  <testcase classname="com.TestEngine.SimpleAnnotation" name="SearchHotel1" time="5.151"/>
  <testcase classname="com.TestEngine.SimpleAnnotation" name="SearchHotel2" time="0.792"/>
  <testcase classname="com.TestEngine.SimpleAnnotation" name="BookAHotel" time="0.978"/>
  <testcase classname="com.TestEngine.SimpleAnnotation" name="bookingconfirm" time="9.918"/>
</testsuite> <!-- com.TestEngine.SimpleAnnotation -->
